# JRE version: 7.0_21-b02
# Java VM: OpenJDK 64-Bit Server VM (23.7-b01 mixed mode linux-amd64 compressed oops)
Heap
 PSYoungGen      total 305408K, used 241775K [0x00000000eccb0000, 0x00000000fff80000, 0x0000000100000000)
  eden space 296832K, 80% used [0x00000000eccb0000,0x00000000fb56bd90,0x00000000fee90000)
  from space 8576K, 40% used [0x00000000fee90000,0x00000000ff1f0020,0x00000000ff6f0000)
  to   space 8256K, 0% used [0x00000000ff770000,0x00000000ff770000,0x00000000fff80000)
 ParOldGen       total 51200K, used 39443K [0x00000000c6600000, 0x00000000c9800000, 0x00000000eccb0000)
  object space 51200K, 77% used [0x00000000c6600000,0x00000000c8c84cf8,0x00000000c9800000)
 PSPermGen       total 64256K, used 40731K [0x00000000bc000000, 0x00000000bfec0000, 0x00000000c6600000)
  object space 64256K, 63% used [0x00000000bc000000,0x00000000be7c6dd8,0x00000000bfec0000)
GC Heap History (10 events):
Event: 198.850 GC heap before
{Heap before GC invocations=16 (full 1):
 PSYoungGen      total 304960K, used 928K [0x00000000eccb0000, 0x0000000100000000, 0x0000000100000000)
  eden space 295872K, 0% used [0x00000000eccb0000,0x00000000eccb0000,0x00000000feda0000)
  from space 9088K, 10% used [0x00000000feda0000,0x00000000fee88000,0x00000000ff680000)
  to   space 9280K, 0% used [0x00000000ff6f0000,0x00000000ff6f0000,0x0000000100000000)
 ParOldGen       total 39360K, used 34862K [0x00000000c6600000, 0x00000000c8c70000, 0x00000000eccb0000)
  object space 39360K, 88% used [0x00000000c6600000,0x00000000c880b930,0x00000000c8c70000)
 PSPermGen       total 32000K, used 31864K [0x00000000bc000000, 0x00000000bdf40000, 0x00000000c6600000)
  object space 32000K, 99% used [0x00000000bc000000,0x00000000bdf1e3f8,0x00000000bdf40000)
Event: 199.212 GC heap after
Heap after GC invocations=16 (full 1):
 PSYoungGen      total 304960K, used 0K [0x00000000eccb0000, 0x0000000100000000, 0x0000000100000000)
  eden space 295872K, 0% used [0x00000000eccb0000,0x00000000eccb0000,0x00000000feda0000)
  from space 9088K, 0% used [0x00000000feda0000,0x00000000feda0000,0x00000000ff680000)
  to   space 9280K, 0% used [0x00000000ff6f0000,0x00000000ff6f0000,0x0000000100000000)
 ParOldGen       total 51200K, used 29276K [0x00000000c6600000, 0x00000000c9800000, 0x00000000eccb0000)
  object space 51200K, 57% used [0x00000000c6600000,0x00000000c8297108,0x00000000c9800000)
 PSPermGen       total 64256K, used 31847K [0x00000000bc000000, 0x00000000bfec0000, 0x00000000c6600000)
  object space 64256K, 49% used [0x00000000bc000000,0x00000000bdf19f28,0x00000000bfec0000)
}
Event: 200.042 GC heap before
{Heap before GC invocations=17 (full 1):
 PSYoungGen      total 304960K, used 295872K [0x00000000eccb0000, 0x0000000100000000, 0x0000000100000000)
  eden space 295872K, 100% used [0x00000000eccb0000,0x00000000feda0000,0x00000000feda0000)
  from space 9088K, 0% used [0x00000000feda0000,0x00000000feda0000,0x00000000ff680000)
  to   space 9280K, 0% used [0x00000000ff6f0000,0x00000000ff6f0000,0x0000000100000000)
 ParOldGen       total 51200K, used 29276K [0x00000000c6600000, 0x00000000c9800000, 0x00000000eccb0000)
  object space 51200K, 57% used [0x00000000c6600000,0x00000000c8297108,0x00000000c9800000)
 PSPermGen       total 64256K, used 32490K [0x00000000bc000000, 0x00000000bfec0000, 0x00000000c6600000)
  object space 64256K, 50% used [0x00000000bc000000,0x00000000bdfba8f0,0x00000000bfec0000)
Event: 200.055 GC heap after
Heap after GC invocations=17 (full 1):
 PSYoungGen      total 305280K, used 4928K [0x00000000eccb0000, 0x00000000fffb0000, 0x0000000100000000)
  eden space 296320K, 0% used [0x00000000eccb0000,0x00000000eccb0000,0x00000000fee10000)
  from space 8960K, 55% used [0x00000000ff6f0000,0x00000000ffbc0000,0x00000000fffb0000)
  to   space 9024K, 0% used [0x00000000fee10000,0x00000000fee10000,0x00000000ff6e0000)
 ParOldGen       total 51200K, used 29284K [0x00000000c6600000, 0x00000000c9800000, 0x00000000eccb0000)
  object space 51200K, 57% used [0x00000000c6600000,0x00000000c8299108,0x00000000c9800000)
 PSPermGen       total 64256K, used 32490K [0x00000000bc000000, 0x00000000bfec0000, 0x00000000c6600000)
  object space 64256K, 50% used [0x00000000bc000000,0x00000000bdfba8f0,0x00000000bfec0000)
}
Event: 201.836 GC heap before
{Heap before GC invocations=18 (full 1):
 PSYoungGen      total 305280K, used 301248K [0x00000000eccb0000, 0x00000000fffb0000, 0x0000000100000000)
  eden space 296320K, 100% used [0x00000000eccb0000,0x00000000fee10000,0x00000000fee10000)
  from space 8960K, 55% used [0x00000000ff6f0000,0x00000000ffbc0000,0x00000000fffb0000)
  to   space 9024K, 0% used [0x00000000fee10000,0x00000000fee10000,0x00000000ff6e0000)
 ParOldGen       total 51200K, used 29284K [0x00000000c6600000, 0x00000000c9800000, 0x00000000eccb0000)
  object space 51200K, 57% used [0x00000000c6600000,0x00000000c8299108,0x00000000c9800000)
 PSPermGen       total 64256K, used 35200K [0x00000000bc000000, 0x00000000bfec0000, 0x00000000c6600000)
  object space 64256K, 54% used [0x00000000bc000000,0x00000000be260040,0x00000000bfec0000)
Event: 201.855 GC heap after
Heap after GC invocations=18 (full 1):
 PSYoungGen      total 305344K, used 2768K [0x00000000eccb0000, 0x00000000fffb0000, 0x0000000100000000)
  eden space 296320K, 0% used [0x00000000eccb0000,0x00000000eccb0000,0x00000000fee10000)
  from space 9024K, 30% used [0x00000000fee10000,0x00000000ff0c4010,0x00000000ff6e0000)
  to   space 8832K, 0% used [0x00000000ff710000,0x00000000ff710000,0x00000000fffb0000)
 ParOldGen       total 51200K, used 34052K [0x00000000c6600000, 0x00000000c9800000, 0x00000000eccb0000)
  object space 51200K, 66% used [0x00000000c6600000,0x00000000c8741108,0x00000000c9800000)
 PSPermGen       total 64256K, used 35200K [0x00000000bc000000, 0x00000000bfec0000, 0x00000000c6600000)
  object space 64256K, 54% used [0x00000000bc000000,0x00000000be260040,0x00000000bfec0000)
}
Event: 203.126 GC heap before
{Heap before GC invocations=19 (full 1):
 PSYoungGen      total 305344K, used 299088K [0x00000000eccb0000, 0x00000000fffb0000, 0x0000000100000000)
  eden space 296320K, 100% used [0x00000000eccb0000,0x00000000fee10000,0x00000000fee10000)
  from space 9024K, 30% used [0x00000000fee10000,0x00000000ff0c4010,0x00000000ff6e0000)
  to   space 8832K, 0% used [0x00000000ff710000,0x00000000ff710000,0x00000000fffb0000)
 ParOldGen       total 51200K, used 34052K [0x00000000c6600000, 0x00000000c9800000, 0x00000000eccb0000)
  object space 51200K, 66% used [0x00000000c6600000,0x00000000c8741108,0x00000000c9800000)
 PSPermGen       total 64256K, used 36974K [0x00000000bc000000, 0x00000000bfec0000, 0x00000000c6600000)
  object space 64256K, 57% used [0x00000000bc000000,0x00000000be41bad8,0x00000000bfec0000)
Event: 203.141 GC heap after
Heap after GC invocations=19 (full 1):
 PSYoungGen      total 305280K, used 3160K [0x00000000eccb0000, 0x00000000fff50000, 0x0000000100000000)
  eden space 296832K, 0% used [0x00000000eccb0000,0x00000000eccb0000,0x00000000fee90000)
  from space 8448K, 37% used [0x00000000ff710000,0x00000000ffa262f0,0x00000000fff50000)
  to   space 8576K, 0% used [0x00000000fee90000,0x00000000fee90000,0x00000000ff6f0000)
 ParOldGen       total 51200K, used 36549K [0x00000000c6600000, 0x00000000c9800000, 0x00000000eccb0000)
  object space 51200K, 71% used [0x00000000c6600000,0x00000000c89b14a0,0x00000000c9800000)
 PSPermGen       total 64256K, used 36974K [0x00000000bc000000, 0x00000000bfec0000, 0x00000000c6600000)
  object space 64256K, 57% used [0x00000000bc000000,0x00000000be41bad8,0x00000000bfec0000)
}
Event: 206.219 GC heap before
{Heap before GC invocations=20 (full 1):
 PSYoungGen      total 305280K, used 299992K [0x00000000eccb0000, 0x00000000fff50000, 0x0000000100000000)
  eden space 296832K, 100% used [0x00000000eccb0000,0x00000000fee90000,0x00000000fee90000)
  from space 8448K, 37% used [0x00000000ff710000,0x00000000ffa262f0,0x00000000fff50000)
  to   space 8576K, 0% used [0x00000000fee90000,0x00000000fee90000,0x00000000ff6f0000)
 ParOldGen       total 51200K, used 36549K [0x00000000c6600000, 0x00000000c9800000, 0x00000000eccb0000)
  object space 51200K, 71% used [0x00000000c6600000,0x00000000c89b14a0,0x00000000c9800000)
 PSPermGen       total 64256K, used 40185K [0x00000000bc000000, 0x00000000bfec0000, 0x00000000c6600000)
  object space 64256K, 62% used [0x00000000bc000000,0x00000000be73e508,0x00000000bfec0000)
Event: 206.235 GC heap after
Heap after GC invocations=20 (full 1):
 PSYoungGen      total 305408K, used 3456K [0x00000000eccb0000, 0x00000000fff80000, 0x0000000100000000)
  eden space 296832K, 0% used [0x00000000eccb0000,0x00000000eccb0000,0x00000000fee90000)
  from space 8576K, 40% used [0x00000000fee90000,0x00000000ff1f0020,0x00000000ff6f0000)
  to   space 8256K, 0% used [0x00000000ff770000,0x00000000ff770000,0x00000000fff80000)
 ParOldGen       total 51200K, used 39443K [0x00000000c6600000, 0x00000000c9800000, 0x00000000eccb0000)
  object space 51200K, 77% used [0x00000000c6600000,0x00000000c8c84cf8,0x00000000c9800000)
 PSPermGen       total 64256K, used 40185K [0x00000000bc000000, 0x00000000bfec0000, 0x00000000c6600000)
  object space 64256K, 62% used [0x00000000bc000000,0x00000000be73e508,0x00000000bfec0000)
}

