# JRE version: 7.0_21-b02
# Java VM: OpenJDK 64-Bit Server VM (23.7-b01 mixed mode linux-amd64 compressed oops)
Heap
 PSYoungGen      total 307776K, used 264250K [0x00000000eccb0000, 0x00000000fff80000, 0x0000000100000000)
  eden space 302016K, 86% used [0x00000000eccb0000,0x00000000fcb9a9c0,0x00000000ff3a0000)
  from space 5760K, 55% used [0x00000000ff9e0000,0x00000000ffd04010,0x00000000fff80000)
  to   space 6080K, 0% used [0x00000000ff3a0000,0x00000000ff3a0000,0x00000000ff990000)
 ParOldGen       total 64512K, used 36319K [0x00000000c6600000, 0x00000000ca500000, 0x00000000eccb0000)
  object space 64512K, 56% used [0x00000000c6600000,0x00000000c8977cd0,0x00000000ca500000)
 PSPermGen       total 70592K, used 39928K [0x00000000bc000000, 0x00000000c04f0000, 0x00000000c6600000)
  object space 70592K, 56% used [0x00000000bc000000,0x00000000be6fe290,0x00000000c04f0000)
GC Heap History (10 events):
Event: 26.594 GC heap before
{Heap before GC invocations=17 (full 0):
 PSYoungGen      total 308288K, used 306950K [0x00000000eccb0000, 0x00000000fffb0000, 0x0000000100000000)
  eden space 302720K, 100% used [0x00000000eccb0000,0x00000000ff450000,0x00000000ff450000)
  from space 5568K, 75% used [0x00000000ffa40000,0x00000000ffe61ab8,0x00000000fffb0000)
  to   space 5824K, 0% used [0x00000000ff450000,0x00000000ff450000,0x00000000ffa00000)
 ParOldGen       total 39360K, used 28394K [0x00000000c6600000, 0x00000000c8c70000, 0x00000000eccb0000)
  object space 39360K, 72% used [0x00000000c6600000,0x00000000c81babb0,0x00000000c8c70000)
 PSPermGen       total 32000K, used 31865K [0x00000000bc000000, 0x00000000bdf40000, 0x00000000c6600000)
  object space 32000K, 99% used [0x00000000bc000000,0x00000000bdf1e4d0,0x00000000bdf40000)
Event: 26.608 GC heap after
Heap after GC invocations=17 (full 0):
 PSYoungGen      total 308544K, used 992K [0x00000000eccb0000, 0x0000000100000000, 0x0000000100000000)
  eden space 302720K, 0% used [0x00000000eccb0000,0x00000000eccb0000,0x00000000ff450000)
  from space 5824K, 17% used [0x00000000ff450000,0x00000000ff548000,0x00000000ffa00000)
  to   space 6144K, 0% used [0x00000000ffa00000,0x00000000ffa00000,0x0000000100000000)
 ParOldGen       total 39360K, used 32140K [0x00000000c6600000, 0x00000000c8c70000, 0x00000000eccb0000)
  object space 39360K, 81% used [0x00000000c6600000,0x00000000c8563040,0x00000000c8c70000)
 PSPermGen       total 32000K, used 31865K [0x00000000bc000000, 0x00000000bdf40000, 0x00000000c6600000)
  object space 32000K, 99% used [0x00000000bc000000,0x00000000bdf1e4d0,0x00000000bdf40000)
}
Event: 27.480 GC heap before
{Heap before GC invocations=18 (full 0):
 PSYoungGen      total 308544K, used 303712K [0x00000000eccb0000, 0x0000000100000000, 0x0000000100000000)
  eden space 302720K, 100% used [0x00000000eccb0000,0x00000000ff450000,0x00000000ff450000)
  from space 5824K, 17% used [0x00000000ff450000,0x00000000ff548000,0x00000000ffa00000)
  to   space 6144K, 0% used [0x00000000ffa00000,0x00000000ffa00000,0x0000000100000000)
 ParOldGen       total 39360K, used 32140K [0x00000000c6600000, 0x00000000c8c70000, 0x00000000eccb0000)
  object space 39360K, 81% used [0x00000000c6600000,0x00000000c8563040,0x00000000c8c70000)
 PSPermGen       total 32576K, used 32506K [0x00000000bc000000, 0x00000000bdfd0000, 0x00000000c6600000)
  object space 32576K, 99% used [0x00000000bc000000,0x00000000bdfbea68,0x00000000bdfd0000)
Event: 27.493 GC heap after
Heap after GC invocations=18 (full 0):
 PSYoungGen      total 308032K, used 5024K [0x00000000eccb0000, 0x0000000100000000, 0x0000000100000000)
  eden space 301888K, 0% used [0x00000000eccb0000,0x00000000eccb0000,0x00000000ff380000)
  from space 6144K, 81% used [0x00000000ffa00000,0x00000000ffee8000,0x0000000100000000)
  to   space 6400K, 0% used [0x00000000ff380000,0x00000000ff380000,0x00000000ff9c0000)
 ParOldGen       total 39360K, used 33031K [0x00000000c6600000, 0x00000000c8c70000, 0x00000000eccb0000)
  object space 39360K, 83% used [0x00000000c6600000,0x00000000c8641f10,0x00000000c8c70000)
 PSPermGen       total 32576K, used 32506K [0x00000000bc000000, 0x00000000bdfd0000, 0x00000000c6600000)
  object space 32576K, 99% used [0x00000000bc000000,0x00000000bdfbea68,0x00000000bdfd0000)
}
Event: 29.419 GC heap before
{Heap before GC invocations=19 (full 0):
 PSYoungGen      total 308032K, used 306912K [0x00000000eccb0000, 0x0000000100000000, 0x0000000100000000)
  eden space 301888K, 100% used [0x00000000eccb0000,0x00000000ff380000,0x00000000ff380000)
  from space 6144K, 81% used [0x00000000ffa00000,0x00000000ffee8000,0x0000000100000000)
  to   space 6400K, 0% used [0x00000000ff380000,0x00000000ff380000,0x00000000ff9c0000)
 ParOldGen       total 39360K, used 33031K [0x00000000c6600000, 0x00000000c8c70000, 0x00000000eccb0000)
  object space 39360K, 83% used [0x00000000c6600000,0x00000000c8641f10,0x00000000c8c70000)
 PSPermGen       total 35264K, used 35146K [0x00000000bc000000, 0x00000000be270000, 0x00000000c6600000)
  object space 35264K, 99% used [0x00000000bc000000,0x00000000be2528c8,0x00000000be270000)
Event: 29.438 GC heap after
Heap after GC invocations=19 (full 0):
 PSYoungGen      total 308288K, used 2768K [0x00000000eccb0000, 0x0000000100000000, 0x0000000100000000)
  eden space 301888K, 0% used [0x00000000eccb0000,0x00000000eccb0000,0x00000000ff380000)
  from space 6400K, 43% used [0x00000000ff380000,0x00000000ff634010,0x00000000ff9c0000)
  to   space 6272K, 0% used [0x00000000ff9e0000,0x00000000ff9e0000,0x0000000100000000)
 ParOldGen       total 39360K, used 37813K [0x00000000c6600000, 0x00000000c8c70000, 0x00000000eccb0000)
  object space 39360K, 96% used [0x00000000c6600000,0x00000000c8aed7c0,0x00000000c8c70000)
 PSPermGen       total 35264K, used 35146K [0x00000000bc000000, 0x00000000be270000, 0x00000000c6600000)
  object space 35264K, 99% used [0x00000000bc000000,0x00000000be2528c8,0x00000000be270000)
}
Event: 29.438 GC heap before
{Heap before GC invocations=20 (full 1):
 PSYoungGen      total 308288K, used 2768K [0x00000000eccb0000, 0x0000000100000000, 0x0000000100000000)
  eden space 301888K, 0% used [0x00000000eccb0000,0x00000000eccb0000,0x00000000ff380000)
  from space 6400K, 43% used [0x00000000ff380000,0x00000000ff634010,0x00000000ff9c0000)
  to   space 6272K, 0% used [0x00000000ff9e0000,0x00000000ff9e0000,0x0000000100000000)
 ParOldGen       total 39360K, used 37813K [0x00000000c6600000, 0x00000000c8c70000, 0x00000000eccb0000)
  object space 39360K, 96% used [0x00000000c6600000,0x00000000c8aed7c0,0x00000000c8c70000)
 PSPermGen       total 35264K, used 35146K [0x00000000bc000000, 0x00000000be270000, 0x00000000c6600000)
  object space 35264K, 99% used [0x00000000bc000000,0x00000000be2528c8,0x00000000be270000)
Event: 29.932 GC heap after
Heap after GC invocations=20 (full 1):
 PSYoungGen      total 308288K, used 0K [0x00000000eccb0000, 0x0000000100000000, 0x0000000100000000)
  eden space 301888K, 0% used [0x00000000eccb0000,0x00000000eccb0000,0x00000000ff380000)
  from space 6400K, 0% used [0x00000000ff380000,0x00000000ff380000,0x00000000ff9c0000)
  to   space 6272K, 0% used [0x00000000ff9e0000,0x00000000ff9e0000,0x0000000100000000)
 ParOldGen       total 64512K, used 36311K [0x00000000c6600000, 0x00000000ca500000, 0x00000000eccb0000)
  object space 64512K, 56% used [0x00000000c6600000,0x00000000c8975cd0,0x00000000ca500000)
 PSPermGen       total 70592K, used 35126K [0x00000000bc000000, 0x00000000c04f0000, 0x00000000c6600000)
  object space 70592K, 49% used [0x00000000bc000000,0x00000000be24da48,0x00000000c04f0000)
}
Event: 31.180 GC heap before
{Heap before GC invocations=21 (full 1):
 PSYoungGen      total 308288K, used 301888K [0x00000000eccb0000, 0x0000000100000000, 0x0000000100000000)
  eden space 301888K, 100% used [0x00000000eccb0000,0x00000000ff380000,0x00000000ff380000)
  from space 6400K, 0% used [0x00000000ff380000,0x00000000ff380000,0x00000000ff9c0000)
  to   space 6272K, 0% used [0x00000000ff9e0000,0x00000000ff9e0000,0x0000000100000000)
 ParOldGen       total 64512K, used 36311K [0x00000000c6600000, 0x00000000ca500000, 0x00000000eccb0000)
  object space 64512K, 56% used [0x00000000c6600000,0x00000000c8975cd0,0x00000000ca500000)
 PSPermGen       total 70592K, used 36889K [0x00000000bc000000, 0x00000000c04f0000, 0x00000000c6600000)
  object space 70592K, 52% used [0x00000000bc000000,0x00000000be4065a8,0x00000000c04f0000)
Event: 31.190 GC heap after
Heap after GC invocations=21 (full 1):
 PSYoungGen      total 307776K, used 3216K [0x00000000eccb0000, 0x00000000fff80000, 0x0000000100000000)
  eden space 302016K, 0% used [0x00000000eccb0000,0x00000000eccb0000,0x00000000ff3a0000)
  from space 5760K, 55% used [0x00000000ff9e0000,0x00000000ffd04010,0x00000000fff80000)
  to   space 6080K, 0% used [0x00000000ff3a0000,0x00000000ff3a0000,0x00000000ff990000)
 ParOldGen       total 64512K, used 36319K [0x00000000c6600000, 0x00000000ca500000, 0x00000000eccb0000)
  object space 64512K, 56% used [0x00000000c6600000,0x00000000c8977cd0,0x00000000ca500000)
 PSPermGen       total 70592K, used 36889K [0x00000000bc000000, 0x00000000c04f0000, 0x00000000c6600000)
  object space 70592K, 52% used [0x00000000bc000000,0x00000000be4065a8,0x00000000c04f0000)
}

